<?xml version="1.0" encoding="UTF-8"?>
<!-- Generated by org.testng.reporters.JUnitXMLReporter -->
<testsuite ignored="0" hostname="RainBow" failures="1" tests="3" name="Test" time="148.576" errors="0" timestamp="14 Dec 2019 18:03:08 GMT">
  <testcase classname="Testcases.ClearTrip.HomePage" name="loginOnTours" time="12.374"/>
  <testcase classname="Testcases.ClearTrip.Flight" name="location" time="38.54"/>
  <testcase classname="Testcases.ClearTrip.HotelPage" name="hotelBookings" time="0.002">
    <failure type="java.lang.NullPointerException">
      <![CDATA[java.lang.NullPointerException
at Testcases.ClearTrip.Hotels.location(Hotels.java:29)
at Testcases.ClearTrip.HotelPage.hotelBookings(HotelPage.java:20)
... Removed 25 stack frames]]>
    </failure>
  </testcase> <!-- hotelBookings -->
</testsuite> <!-- Test -->
