<?xml version="1.0" encoding="UTF-8"?>
<!-- Generated by org.testng.reporters.JUnitXMLReporter -->
<testsuite ignored="0" hostname="RainBow" failures="0" tests="3" name="Command line test" time="235.071" errors="0" timestamp="14 Dec 2019 23:58:52 GMT">
  <testcase classname="Testcases.ClearTrip.FlightTest" name="location" time="77.976"/>
  <testcase classname="Testcases.ClearTrip.HomeTest" name="loginOnTours" time="11.51"/>
  <testcase classname="Testcases.ClearTrip.HotelTest" name="hotelBookings" time="32.834"/>
</testsuite> <!-- Command line test -->
