<?xml version="1.0" encoding="UTF-8"?>
<testng-results ignored="0" total="0" passed="0" failed="0" skipped="0">
  <reporter-output>
  </reporter-output>
  <suite started-at="2019-12-14T23:14:33Z" name="Testcases.ClearTrip.AppTest" finished-at="2019-12-14T23:14:33Z" duration-ms="10">
    <groups>
    </groups>
    <test started-at="2019-12-14T23:14:33Z" name="Command line test" finished-at="2019-12-14T23:14:33Z" duration-ms="10">
    </test> <!-- Command line test -->
  </suite> <!-- Testcases.ClearTrip.AppTest -->
</testng-results>
