<?xml version="1.0" encoding="UTF-8"?>
<testng-results ignored="0" total="3" passed="2" failed="1" skipped="0">
  <reporter-output>
  </reporter-output>
  <suite started-at="2019-12-14T23:17:00Z" name="Suite" finished-at="2019-12-14T23:18:59Z" duration-ms="118712">
    <groups>
    </groups>
    <test started-at="2019-12-14T23:17:00Z" name="TestHome" finished-at="2019-12-14T23:17:16Z" duration-ms="16216">
      <class name="Testcases.ClearTrip.HomePage">
        <test-method is-config="true" signature="pageNavigation()[pri:0, instance:Testcases.ClearTrip.HomePage@66f57048]" started-at="2019-12-14T23:17:00Z" name="pageNavigation" finished-at="2019-12-14T23:17:13Z" duration-ms="12838" status="PASS">
          <reporter-output>
          </reporter-output>
        </test-method> <!-- pageNavigation -->
        <test-method signature="loginOnTours()[pri:0, instance:Testcases.ClearTrip.HomePage@66f57048]" started-at="2019-12-14T23:17:13Z" name="loginOnTours" finished-at="2019-12-14T23:17:16Z" duration-ms="3268" status="PASS">
          <reporter-output>
          </reporter-output>
        </test-method> <!-- loginOnTours -->
      </class> <!-- Testcases.ClearTrip.HomePage -->
    </test> <!-- TestHome -->
    <test started-at="2019-12-14T23:17:16Z" name="TestApp" finished-at="2019-12-14T23:17:16Z" duration-ms="1">
    </test> <!-- TestApp -->
    <test started-at="2019-12-14T23:17:16Z" name="TestFlight" finished-at="2019-12-14T23:18:15Z" duration-ms="58605">
      <class name="Testcases.ClearTrip.Flight">
        <test-method is-config="true" signature="pageNavigation()[pri:0, instance:Testcases.ClearTrip.Flight@5c669da8]" started-at="2019-12-14T23:17:16Z" name="pageNavigation" finished-at="2019-12-14T23:17:32Z" duration-ms="15442" status="PASS">
          <reporter-output>
          </reporter-output>
        </test-method> <!-- pageNavigation -->
        <test-method signature="location()[pri:0, instance:Testcases.ClearTrip.Flight@5c669da8]" started-at="2019-12-14T23:17:32Z" name="location" finished-at="2019-12-14T23:18:15Z" duration-ms="43147" status="FAIL">
          <exception class="org.openqa.selenium.ElementNotInteractableException">
            <message>
              <![CDATA[element not interactable
  (Session info: chrome=78.0.3904.108)
Build info: version: '3.14.0', revision: 'aacccce0', time: '2018-08-02T20:19:58.91Z'
System info: host: 'RAINBOW', ip: '192.168.0.10', os.name: 'Windows 10', os.arch: 'amd64', os.version: '10.0', java.version: '11.0.2'
Driver info: org.openqa.selenium.chrome.ChromeDriver
Capabilities {acceptInsecureCerts: false, browserName: chrome, browserVersion: 78.0.3904.108, chrome: {chromedriverVersion: 78.0.3904.70 (edb9c9f3de024..., userDataDir: C:\Users\SUDARS~1\AppData\L...}, goog:chromeOptions: {debuggerAddress: localhost:50453}, javascriptEnabled: true, networkConnectionEnabled: false, pageLoadStrategy: normal, platform: XP, platformName: XP, proxy: Proxy(), setWindowRect: true, strictFileInteractability: false, timeouts: {implicit: 0, pageLoad: 300000, script: 30000}, unhandledPromptBehavior: dismiss and notify}
Session ID: 5d728934cf57d13f85628e75022d54d6]]>
            </message>
            <full-stacktrace>
              <![CDATA[org.openqa.selenium.ElementNotInteractableException: element not interactable
  (Session info: chrome=78.0.3904.108)
Build info: version: '3.14.0', revision: 'aacccce0', time: '2018-08-02T20:19:58.91Z'
System info: host: 'RAINBOW', ip: '192.168.0.10', os.name: 'Windows 10', os.arch: 'amd64', os.version: '10.0', java.version: '11.0.2'
Driver info: org.openqa.selenium.chrome.ChromeDriver
Capabilities {acceptInsecureCerts: false, browserName: chrome, browserVersion: 78.0.3904.108, chrome: {chromedriverVersion: 78.0.3904.70 (edb9c9f3de024..., userDataDir: C:\Users\SUDARS~1\AppData\L...}, goog:chromeOptions: {debuggerAddress: localhost:50453}, javascriptEnabled: true, networkConnectionEnabled: false, pageLoadStrategy: normal, platform: XP, platformName: XP, proxy: Proxy(), setWindowRect: true, strictFileInteractability: false, timeouts: {implicit: 0, pageLoad: 300000, script: 30000}, unhandledPromptBehavior: dismiss and notify}
Session ID: 5d728934cf57d13f85628e75022d54d6
at java.base/jdk.internal.reflect.NativeConstructorAccessorImpl.newInstance0(Native Method)
at java.base/jdk.internal.reflect.NativeConstructorAccessorImpl.newInstance(NativeConstructorAccessorImpl.java:62)
at java.base/jdk.internal.reflect.DelegatingConstructorAccessorImpl.newInstance(DelegatingConstructorAccessorImpl.java:45)
at java.base/java.lang.reflect.Constructor.newInstance(Constructor.java:490)
at org.openqa.selenium.remote.http.W3CHttpResponseCodec.createException(W3CHttpResponseCodec.java:187)
at org.openqa.selenium.remote.http.W3CHttpResponseCodec.decode(W3CHttpResponseCodec.java:122)
at org.openqa.selenium.remote.http.W3CHttpResponseCodec.decode(W3CHttpResponseCodec.java:49)
at org.openqa.selenium.remote.HttpCommandExecutor.execute(HttpCommandExecutor.java:158)
at org.openqa.selenium.remote.service.DriverCommandExecutor.execute(DriverCommandExecutor.java:83)
at org.openqa.selenium.remote.RemoteWebDriver.execute(RemoteWebDriver.java:548)
at org.openqa.selenium.remote.RemoteWebElement.execute(RemoteWebElement.java:276)
at org.openqa.selenium.remote.RemoteWebElement.click(RemoteWebElement.java:83)
at Testcases.ClearTrip.Flights.selectFlights(Flights.java:118)
at Testcases.ClearTrip.Flight.location(Flight.java:22)
at java.base/jdk.internal.reflect.NativeMethodAccessorImpl.invoke0(Native Method)
at java.base/jdk.internal.reflect.NativeMethodAccessorImpl.invoke(NativeMethodAccessorImpl.java:62)
at java.base/jdk.internal.reflect.DelegatingMethodAccessorImpl.invoke(DelegatingMethodAccessorImpl.java:43)
at java.base/java.lang.reflect.Method.invoke(Method.java:566)
at org.testng.internal.MethodInvocationHelper.invokeMethod(MethodInvocationHelper.java:124)
at org.testng.internal.Invoker.invokeMethod(Invoker.java:583)
at org.testng.internal.Invoker.invokeTestMethod(Invoker.java:719)
at org.testng.internal.Invoker.invokeTestMethods(Invoker.java:989)
at org.testng.internal.TestMethodWorker.invokeTestMethods(TestMethodWorker.java:125)
at org.testng.internal.TestMethodWorker.run(TestMethodWorker.java:109)
at org.testng.TestRunner.privateRun(TestRunner.java:648)
at org.testng.TestRunner.run(TestRunner.java:505)
at org.testng.SuiteRunner.runTest(SuiteRunner.java:455)
at org.testng.SuiteRunner.runSequentially(SuiteRunner.java:450)
at org.testng.SuiteRunner.privateRun(SuiteRunner.java:415)
at org.testng.SuiteRunner.run(SuiteRunner.java:364)
at org.testng.SuiteRunnerWorker.runSuite(SuiteRunnerWorker.java:52)
at org.testng.SuiteRunnerWorker.run(SuiteRunnerWorker.java:84)
at org.testng.TestNG.runSuitesSequentially(TestNG.java:1208)
at org.testng.TestNG.runSuitesLocally(TestNG.java:1137)
at org.testng.TestNG.runSuites(TestNG.java:1049)
at org.testng.TestNG.run(TestNG.java:1017)
at org.testng.remote.AbstractRemoteTestNG.run(AbstractRemoteTestNG.java:115)
at org.testng.remote.RemoteTestNG.initAndRun(RemoteTestNG.java:251)
at org.testng.remote.RemoteTestNG.main(RemoteTestNG.java:77)
]]>
            </full-stacktrace>
          </exception> <!-- org.openqa.selenium.ElementNotInteractableException -->
          <reporter-output>
          </reporter-output>
        </test-method> <!-- location -->
      </class> <!-- Testcases.ClearTrip.Flight -->
    </test> <!-- TestFlight -->
    <test started-at="2019-12-14T23:18:15Z" name="TestHotel" finished-at="2019-12-14T23:18:59Z" duration-ms="43785">
      <class name="Testcases.ClearTrip.HotelPage">
        <test-method is-config="true" signature="pageNavigation()[pri:0, instance:Testcases.ClearTrip.HotelPage@b83a9be]" started-at="2019-12-14T23:18:15Z" name="pageNavigation" finished-at="2019-12-14T23:18:31Z" duration-ms="15582" status="PASS">
          <reporter-output>
          </reporter-output>
        </test-method> <!-- pageNavigation -->
        <test-method signature="hotelBookings()[pri:0, instance:Testcases.ClearTrip.HotelPage@b83a9be]" started-at="2019-12-14T23:18:31Z" name="hotelBookings" finished-at="2019-12-14T23:18:59Z" duration-ms="28199" status="PASS">
          <reporter-output>
          </reporter-output>
        </test-method> <!-- hotelBookings -->
      </class> <!-- Testcases.ClearTrip.HotelPage -->
    </test> <!-- TestHotel -->
  </suite> <!-- Suite -->
</testng-results>
